<?xml version="1.0" encoding="UTF-8"?>
<!-- Generated by org.testng.reporters.JUnitXMLReporter -->
<testsuite hostname="DESKTOP-1QIO4VG" name="Test" tests="5" failures="0" timestamp="29 Jun 2020 08:13:32 GMT" time="60.738" errors="0">
  <testcase name="addToCart" time="12.258" classname="com.christianlouboutin.testCases.AddCart"/>
  <testcase name="addToCart" time="8.317" classname="com.christianlouboutin.testCases.AddCart"/>
  <testcase name="checkOut" time="16.399" classname="com.christianlouboutin.testCases.AddCart"/>
  <testcase name="login" time="4.722" classname="com.christianlouboutin.testCases.Login"/>
  <testcase name="register" time="6.66" classname="com.christianlouboutin.testCases.Register"/>
</testsuite> <!-- Test -->
