<?xml version="1.0" encoding="UTF-8"?>
<!-- Generated by org.testng.reporters.JUnitXMLReporter -->
<testsuite hostname="SURAJKUMAR" name="Test" tests="5" failures="0" timestamp="29 Jun 2020 10:12:32 GMT" time="69.084" errors="0">
  <testcase name="addToCart" time="9.291" classname="com.christianlouboutin.testCases.AddCart"/>
  <testcase name="addToCart" time="8.818" classname="com.christianlouboutin.testCases.AddCart"/>
  <testcase name="checkOut" time="21.163" classname="com.christianlouboutin.testCases.AddCart"/>
  <testcase name="login" time="3.353" classname="com.christianlouboutin.testCases.Login"/>
  <testcase name="register" time="3.709" classname="com.christianlouboutin.testCases.Register"/>
</testsuite> <!-- Test -->
