<?xml version="1.0" encoding="UTF-8"?>
<!-- Generated by org.testng.reporters.JUnitXMLReporter -->
<testsuite hostname="DESKTOP-1QIO4VG" ignored="4" name="Test" tests="5" failures="0" timestamp="2020-07-18T15:00:10 IST" time="118.3" errors="0">
  <testcase name="addToCart" time="8.358" classname="com.christianlouboutin.testCases.AddCart"/>
  <testcase name="addToCart" time="68.042" classname="com.christianlouboutin.testCases.AddCart"/>
  <testcase name="checkOut" time="9.112" classname="com.christianlouboutin.testCases.AddCart"/>
  <testcase name="login" time="15.945" classname="com.christianlouboutin.testCases.Login"/>
  <testcase name="payment" time="9.127" classname="com.christianlouboutin.testCases.DeliveryAndPayment"/>
  <testcase name="@AfterSuite tearDown" time="0.0" classname="com.christianlouboutin.pageObjects.BaseClass">
    <ignored/>
  </testcase> <!-- @AfterSuite tearDown -->
  <testcase name="@AfterSuite tearDown" time="0.0" classname="com.christianlouboutin.pageObjects.BaseClass">
    <ignored/>
  </testcase> <!-- @AfterSuite tearDown -->
  <testcase name="@BeforeSuite setup" time="0.0" classname="com.christianlouboutin.pageObjects.BaseClass">
    <ignored/>
  </testcase> <!-- @BeforeSuite setup -->
  <testcase name="@BeforeSuite setup" time="0.0" classname="com.christianlouboutin.pageObjects.BaseClass">
    <ignored/>
  </testcase> <!-- @BeforeSuite setup -->
</testsuite> <!-- Test -->
