<?xml version="1.0" encoding="UTF-8"?>
<testng-results skipped="0" failed="0" ignored="4" total="9" passed="5">
  <reporter-output>
  </reporter-output>
  <suite name="Suite" duration-ms="123269" started-at="2020-07-18T18:41:53 IST" finished-at="2020-07-18T18:43:56 IST">
    <groups>
    </groups>
    <test name="Test" duration-ms="123269" started-at="2020-07-18T18:41:53 IST" finished-at="2020-07-18T18:43:56 IST">
      <class name="com.christianlouboutin.testCases.DeliveryAndPayment">
        <test-method status="PASS" signature="init()[pri:0, instance:com.christianlouboutin.testCases.DeliveryAndPayment@1f57539]" name="init" is-config="true" duration-ms="124" started-at="2020-07-18T18:43:35 IST" finished-at="2020-07-18T18:43:35 IST">
          <reporter-output>
          </reporter-output>
        </test-method> <!-- init -->
        <test-method status="PASS" signature="payment(java.lang.String, java.lang.String, java.lang.String, java.lang.String, java.lang.String)[pri:0, instance:com.christianlouboutin.testCases.DeliveryAndPayment@1f57539]" name="payment" duration-ms="19571" started-at="2020-07-18T18:43:36 IST" data-provider="CardDetails" finished-at="2020-07-18T18:43:55 IST">
          <params>
            <param index="0">
              <value>
                <![CDATA[5136 3333 3333 3335]]>
              </value>
            </param>
            <param index="1">
              <value>
                <![CDATA[03]]>
              </value>
            </param>
            <param index="2">
              <value>
                <![CDATA[30]]>
              </value>
            </param>
            <param index="3">
              <value>
                <![CDATA[737]]>
              </value>
            </param>
            <param index="4">
              <value>
                <![CDATA[Jerry]]>
              </value>
            </param>
          </params>
          <reporter-output>
          </reporter-output>
        </test-method> <!-- payment -->
      </class> <!-- com.christianlouboutin.testCases.DeliveryAndPayment -->
      <class name="com.christianlouboutin.testCases.Login">
        <test-method status="PASS" signature="init()[pri:0, instance:com.christianlouboutin.testCases.Login@e320068]" name="init" is-config="true" duration-ms="22" started-at="2020-07-18T18:43:20 IST" finished-at="2020-07-18T18:43:20 IST">
          <reporter-output>
          </reporter-output>
        </test-method> <!-- init -->
        <test-method status="PASS" signature="login(java.lang.String, java.lang.String)[pri:0, instance:com.christianlouboutin.testCases.Login@e320068]" name="login" duration-ms="13305" started-at="2020-07-18T18:43:21 IST" data-provider="LoginData" finished-at="2020-07-18T18:43:34 IST">
          <params>
            <param index="0">
              <value>
                <![CDATA[djegkos@gmail.com]]>
              </value>
            </param>
            <param index="1">
              <value>
                <![CDATA[Djeg1010!]]>
              </value>
            </param>
          </params>
          <reporter-output>
          </reporter-output>
        </test-method> <!-- login -->
      </class> <!-- com.christianlouboutin.testCases.Login -->
      <class name="com.christianlouboutin.testCases.AddCart">
        <test-method status="PASS" signature="setup(java.lang.String, org.testng.ITestContext)[pri:0, instance:com.christianlouboutin.testCases.AddCart@536aaa8d]" name="setup" is-config="true" duration-ms="26719" started-at="2020-07-18T18:41:26 IST" finished-at="2020-07-18T18:41:53 IST">
          <params>
            <param index="0">
              <value>
                <![CDATA[chrome]]>
              </value>
            </param>
            <param index="1">
              <value>
                <![CDATA[org.testng.TestRunner@9257031]]>
              </value>
            </param>
          </params>
          <reporter-output>
          </reporter-output>
        </test-method> <!-- setup -->
        <test-method status="PASS" signature="init()[pri:0, instance:com.christianlouboutin.testCases.AddCart@536aaa8d]" name="init" is-config="true" duration-ms="85" started-at="2020-07-18T18:41:53 IST" finished-at="2020-07-18T18:41:53 IST">
          <reporter-output>
          </reporter-output>
        </test-method> <!-- init -->
        <test-method status="PASS" signature="addToCart(java.lang.String, java.lang.String, java.lang.String, java.lang.String, java.lang.String)[pri:0, instance:com.christianlouboutin.testCases.AddCart@536aaa8d]" name="addToCart" duration-ms="20512" started-at="2020-07-18T18:41:57 IST" data-provider="ProductDataDetails" finished-at="2020-07-18T18:42:17 IST">
          <params>
            <param index="0">
              <value>
                <![CDATA[Femme]]>
              </value>
            </param>
            <param index="1">
              <value>
                <![CDATA[So Kate]]>
              </value>
            </param>
            <param index="2">
              <value>
                <![CDATA[34061]]>
              </value>
            </param>
            <param index="3">
              <value>
                <![CDATA[So Kate 120]]>
              </value>
            </param>
            <param index="4">
              <value>
                <![CDATA[35]]>
              </value>
            </param>
          </params>
          <reporter-output>
          </reporter-output>
        </test-method> <!-- addToCart -->
        <test-method status="PASS" signature="addToCart(java.lang.String, java.lang.String, java.lang.String, java.lang.String, java.lang.String)[pri:0, instance:com.christianlouboutin.testCases.AddCart@536aaa8d]" name="addToCart" duration-ms="42016" started-at="2020-07-18T18:42:18 IST" data-provider="ProductDataDetails" finished-at="2020-07-18T18:43:00 IST">
          <params>
            <param index="0">
              <value>
                <![CDATA[Femme]]>
              </value>
            </param>
            <param index="1">
              <value>
                <![CDATA[So Kate]]>
              </value>
            </param>
            <param index="2">
              <value>
                <![CDATA[26422]]>
              </value>
            </param>
            <param index="3">
              <value>
                <![CDATA[So Kate 120]]>
              </value>
            </param>
            <param index="4">
              <value>
                <![CDATA[35]]>
              </value>
            </param>
          </params>
          <reporter-output>
          </reporter-output>
        </test-method> <!-- addToCart -->
        <test-method status="PASS" signature="checkOut()[pri:0, instance:com.christianlouboutin.testCases.AddCart@536aaa8d]" name="checkOut" duration-ms="18930" started-at="2020-07-18T18:43:00 IST" finished-at="2020-07-18T18:43:19 IST">
          <reporter-output>
          </reporter-output>
        </test-method> <!-- checkOut -->
        <test-method status="PASS" signature="tearDown()[pri:0, instance:com.christianlouboutin.testCases.AddCart@536aaa8d]" name="tearDown" is-config="true" duration-ms="1" started-at="2020-07-18T18:43:57 IST" finished-at="2020-07-18T18:43:57 IST">
          <reporter-output>
          </reporter-output>
        </test-method> <!-- tearDown -->
      </class> <!-- com.christianlouboutin.testCases.AddCart -->
    </test> <!-- Test -->
  </suite> <!-- Suite -->
</testng-results>
