<?xml version="1.0" encoding="UTF-8"?>
<testng-results skipped="0" failed="0" ignored="4" total="9" passed="5">
  <reporter-output>
  </reporter-output>
  <suite name="Suite" duration-ms="118300" started-at="2020-07-18T14:58:11 IST" finished-at="2020-07-18T15:00:10 IST">
    <groups>
    </groups>
    <test name="Test" duration-ms="118300" started-at="2020-07-18T14:58:11 IST" finished-at="2020-07-18T15:00:10 IST">
      <class name="com.christianlouboutin.testCases.DeliveryAndPayment">
        <test-method status="PASS" signature="init()[pri:0, instance:com.christianlouboutin.testCases.DeliveryAndPayment@704a52ec]" name="init" is-config="true" duration-ms="141" started-at="2020-07-18T15:00:00 IST" finished-at="2020-07-18T15:00:00 IST">
          <reporter-output>
          </reporter-output>
        </test-method> <!-- init -->
        <test-method status="PASS" signature="payment(java.lang.String, java.lang.String, java.lang.String, java.lang.String, java.lang.String)[pri:0, instance:com.christianlouboutin.testCases.DeliveryAndPayment@704a52ec]" name="payment" duration-ms="9127" started-at="2020-07-18T15:00:00 IST" data-provider="CardDetails" finished-at="2020-07-18T15:00:09 IST">
          <params>
            <param index="0">
              <value>
                <![CDATA[5136 3333 3333 3335]]>
              </value>
            </param>
            <param index="1">
              <value>
                <![CDATA[03]]>
              </value>
            </param>
            <param index="2">
              <value>
                <![CDATA[30]]>
              </value>
            </param>
            <param index="3">
              <value>
                <![CDATA[737]]>
              </value>
            </param>
            <param index="4">
              <value>
                <![CDATA[Jerry]]>
              </value>
            </param>
          </params>
          <reporter-output>
          </reporter-output>
        </test-method> <!-- payment -->
      </class> <!-- com.christianlouboutin.testCases.DeliveryAndPayment -->
      <class name="com.christianlouboutin.testCases.Login">
        <test-method status="PASS" signature="init()[pri:0, instance:com.christianlouboutin.testCases.Login@76f2b07d]" name="init" is-config="true" duration-ms="18" started-at="2020-07-18T14:59:42 IST" finished-at="2020-07-18T14:59:42 IST">
          <reporter-output>
          </reporter-output>
        </test-method> <!-- init -->
        <test-method status="PASS" signature="login(java.lang.String, java.lang.String)[pri:0, instance:com.christianlouboutin.testCases.Login@76f2b07d]" name="login" duration-ms="15945" started-at="2020-07-18T14:59:43 IST" data-provider="LoginData" finished-at="2020-07-18T14:59:59 IST">
          <params>
            <param index="0">
              <value>
                <![CDATA[djegkos@gmail.com]]>
              </value>
            </param>
            <param index="1">
              <value>
                <![CDATA[Djeg1010!]]>
              </value>
            </param>
          </params>
          <reporter-output>
          </reporter-output>
        </test-method> <!-- login -->
      </class> <!-- com.christianlouboutin.testCases.Login -->
      <class name="com.christianlouboutin.testCases.AddCart">
        <test-method status="PASS" signature="setup(java.lang.String, org.testng.ITestContext)[pri:0, instance:com.christianlouboutin.testCases.AddCart@1f57539]" name="setup" is-config="true" duration-ms="18449" started-at="2020-07-18T14:57:53 IST" finished-at="2020-07-18T14:58:11 IST">
          <params>
            <param index="0">
              <value>
                <![CDATA[chrome]]>
              </value>
            </param>
            <param index="1">
              <value>
                <![CDATA[org.testng.TestRunner@31198ceb]]>
              </value>
            </param>
          </params>
          <reporter-output>
          </reporter-output>
        </test-method> <!-- setup -->
        <test-method status="PASS" signature="init()[pri:0, instance:com.christianlouboutin.testCases.AddCart@1f57539]" name="init" is-config="true" duration-ms="111" started-at="2020-07-18T14:58:12 IST" finished-at="2020-07-18T14:58:12 IST">
          <reporter-output>
          </reporter-output>
        </test-method> <!-- init -->
        <test-method status="PASS" signature="addToCart(java.lang.String, java.lang.String, java.lang.String, java.lang.String, java.lang.String)[pri:0, instance:com.christianlouboutin.testCases.AddCart@1f57539]" name="addToCart" duration-ms="8358" started-at="2020-07-18T14:58:15 IST" data-provider="ProductDataDetails" finished-at="2020-07-18T14:58:23 IST">
          <params>
            <param index="0">
              <value>
                <![CDATA[Femme]]>
              </value>
            </param>
            <param index="1">
              <value>
                <![CDATA[So Kate]]>
              </value>
            </param>
            <param index="2">
              <value>
                <![CDATA[34061]]>
              </value>
            </param>
            <param index="3">
              <value>
                <![CDATA[So Kate 120]]>
              </value>
            </param>
            <param index="4">
              <value>
                <![CDATA[37]]>
              </value>
            </param>
          </params>
          <reporter-output>
          </reporter-output>
        </test-method> <!-- addToCart -->
        <test-method status="PASS" signature="addToCart(java.lang.String, java.lang.String, java.lang.String, java.lang.String, java.lang.String)[pri:0, instance:com.christianlouboutin.testCases.AddCart@1f57539]" name="addToCart" duration-ms="68042" started-at="2020-07-18T14:58:24 IST" data-provider="ProductDataDetails" finished-at="2020-07-18T14:59:32 IST">
          <params>
            <param index="0">
              <value>
                <![CDATA[Femme]]>
              </value>
            </param>
            <param index="1">
              <value>
                <![CDATA[So Kate]]>
              </value>
            </param>
            <param index="2">
              <value>
                <![CDATA[26422]]>
              </value>
            </param>
            <param index="3">
              <value>
                <![CDATA[So Kate 120]]>
              </value>
            </param>
            <param index="4">
              <value>
                <![CDATA[35]]>
              </value>
            </param>
          </params>
          <reporter-output>
          </reporter-output>
        </test-method> <!-- addToCart -->
        <test-method status="PASS" signature="checkOut()[pri:0, instance:com.christianlouboutin.testCases.AddCart@1f57539]" name="checkOut" duration-ms="9112" started-at="2020-07-18T14:59:32 IST" finished-at="2020-07-18T14:59:42 IST">
          <reporter-output>
          </reporter-output>
        </test-method> <!-- checkOut -->
        <test-method status="PASS" signature="tearDown()[pri:0, instance:com.christianlouboutin.testCases.AddCart@1f57539]" name="tearDown" is-config="true" duration-ms="1" started-at="2020-07-18T15:00:10 IST" finished-at="2020-07-18T15:00:10 IST">
          <reporter-output>
          </reporter-output>
        </test-method> <!-- tearDown -->
      </class> <!-- com.christianlouboutin.testCases.AddCart -->
    </test> <!-- Test -->
  </suite> <!-- Suite -->
</testng-results>
